[debug] [2023-11-11T07:54:09.838Z] ----------------------------------------------------------------------
[debug] [2023-11-11T07:54:09.841Z] Command:       C:\Program Files\nodejs\node.exe C:\Users\Abhi\AppData\Roaming\npm\node_modules\firebase-tools\lib\bin\firebase.js deploy
[debug] [2023-11-11T07:54:09.841Z] CLI Version:   12.8.1
[debug] [2023-11-11T07:54:09.841Z] Platform:      win32
[debug] [2023-11-11T07:54:09.842Z] Node Version:  v18.16.0
[debug] [2023-11-11T07:54:09.842Z] Time:          Sat Nov 11 2023 13:24:09 GMT+0530 (India Standard Time)
[debug] [2023-11-11T07:54:09.843Z] ----------------------------------------------------------------------
[debug] 
[debug] [2023-11-11T07:54:09.928Z] > command requires scopes: ["email","openid","https://www.googleapis.com/auth/cloudplatformprojects.readonly","https://www.googleapis.com/auth/firebase","https://www.googleapis.com/auth/cloud-platform"]
[debug] [2023-11-11T07:54:09.928Z] > authorizing via signed-in user (saieswarkunuthuru1@gmail.com)
[debug] [2023-11-11T07:54:09.929Z] [iam] checking project abhi-2048 for permissions ["firebase.projects.get","firebasehosting.sites.update"]
[debug] [2023-11-11T07:54:09.931Z] >>> [apiv2][query] POST https://cloudresourcemanager.googleapis.com/v1/projects/abhi-2048:testIamPermissions [none]
[debug] [2023-11-11T07:54:09.931Z] >>> [apiv2][(partial)header] POST https://cloudresourcemanager.googleapis.com/v1/projects/abhi-2048:testIamPermissions x-goog-quota-user=projects/abhi-2048
[debug] [2023-11-11T07:54:09.932Z] >>> [apiv2][body] POST https://cloudresourcemanager.googleapis.com/v1/projects/abhi-2048:testIamPermissions {"permissions":["firebase.projects.get","firebasehosting.sites.update"]}
[debug] [2023-11-11T07:54:11.247Z] <<< [apiv2][status] POST https://cloudresourcemanager.googleapis.com/v1/projects/abhi-2048:testIamPermissions 200
[debug] [2023-11-11T07:54:11.247Z] <<< [apiv2][body] POST https://cloudresourcemanager.googleapis.com/v1/projects/abhi-2048:testIamPermissions {"permissions":["firebase.projects.get","firebasehosting.sites.update"]}
[debug] [2023-11-11T07:54:11.248Z] >>> [apiv2][query] GET https://firebase.googleapis.com/v1beta1/projects/abhi-2048 [none]
[debug] [2023-11-11T07:54:11.670Z] <<< [apiv2][status] GET https://firebase.googleapis.com/v1beta1/projects/abhi-2048 200
[debug] [2023-11-11T07:54:11.670Z] <<< [apiv2][body] GET https://firebase.googleapis.com/v1beta1/projects/abhi-2048 {"projectId":"abhi-2048","projectNumber":"587803982903","displayName":"ABHI-2048","name":"projects/abhi-2048","resources":{"hostingSite":"abhi-2048"},"state":"ACTIVE","etag":"1_b0001de1-362a-4bf9-b402-a1e27456192b"}
[info] 
[info] === Deploying to 'abhi-2048'...
[info] 
[info] i  deploying hosting 
[debug] [2023-11-11T07:54:11.686Z] >>> [apiv2][query] POST https://firebasehosting.googleapis.com/v1beta1/projects/-/sites/abhi-2048/versions [none]
[debug] [2023-11-11T07:54:11.686Z] >>> [apiv2][body] POST https://firebasehosting.googleapis.com/v1beta1/projects/-/sites/abhi-2048/versions {"status":"CREATED","labels":{"deployment-tool":"cli-firebase"}}
[debug] [2023-11-11T07:54:12.779Z] <<< [apiv2][status] POST https://firebasehosting.googleapis.com/v1beta1/projects/-/sites/abhi-2048/versions 200
[debug] [2023-11-11T07:54:12.780Z] <<< [apiv2][body] POST https://firebasehosting.googleapis.com/v1beta1/projects/-/sites/abhi-2048/versions {"name":"projects/587803982903/sites/abhi-2048/versions/34cbe7ebe09b21b1","status":"CREATED","config":{},"labels":{"deployment-tool":"cli-firebase"}}
[info] i  hosting[abhi-2048]: beginning deploy... 
[info] i  hosting[abhi-2048]: found 1 files in build 
[debug] [2023-11-11T07:54:12.795Z] [hosting] uploading with 200 concurrency
[debug] [2023-11-11T07:54:12.797Z] [hosting] hash cache [YnVpbGQ] not populated
[debug] [2023-11-11T07:54:12.810Z] [hosting] hash cache [YnVpbGQ] stored for 1 files
[debug] [2023-11-11T07:54:12.810Z] [hosting][hash queue][FINAL] {"max":7,"min":7,"avg":7,"active":0,"complete":1,"success":1,"errored":0,"retried":0,"total":1,"elapsed":11}
[debug] [2023-11-11T07:54:12.812Z] >>> [apiv2][query] POST https://firebasehosting.googleapis.com/v1beta1/projects/587803982903/sites/abhi-2048/versions/34cbe7ebe09b21b1:populateFiles [none]
[debug] [2023-11-11T07:54:12.812Z] >>> [apiv2][body] POST https://firebasehosting.googleapis.com/v1beta1/projects/587803982903/sites/abhi-2048/versions/34cbe7ebe09b21b1:populateFiles {"files":{"/index.html":"e6827d8dda22401e6be53f136a79ce28883c07b995700d89eceb07f70782b051"}}
